TN:
SF:src\modules\appointments\services\CreateAppointmentService.ts
FN:47,__decorate
FN:47,__metadata
FN:47,__param
FN:47,__awaiter
FN:47,adopt
FN:47,fulfilled
FN:47,rejected
FN:47,step
FN:47,__generator
FN:47,sent
FN:47,g.<computed>
FN:47,verb
FN:47,step
FN:47,__importDefault
FN:15,CreateAppointmentService
FN:20,CreateAppointmentService.execute
FNF:16
FNH:14
FNDA:1,__decorate
FNDA:1,__metadata
FNDA:1,__param
FNDA:3,__awaiter
FNDA:5,adopt
FNDA:5,fulfilled
FNDA:0,rejected
FNDA:7,step
FNDA:3,__generator
FNDA:5,sent
FNDA:0,g.<computed>
FNDA:9,verb
FNDA:8,step
FNDA:1,__importDefault
FNDA:2,CreateAppointmentService
FNDA:3,CreateAppointmentService.execute
DA:1,1
DA:2,1
DA:3,1
DA:4,1
DA:5,1
DA:6,1
DA:7,1
DA:8,1
DA:9,1
DA:10,1
DA:11,1
DA:12,1
DA:13,1
DA:14,1
DA:15,1
DA:16,2
DA:17,2
DA:18,2
DA:19,1
DA:20,1
DA:21,3
DA:22,3
DA:23,3
DA:24,3
DA:25,3
DA:26,3
DA:27,3
DA:28,3
DA:29,3
DA:30,3
DA:31,3
DA:32,3
DA:33,3
DA:34,1
DA:35,1
DA:36,2
DA:37,2
DA:38,2
DA:39,2
DA:40,2
DA:41,2
DA:42,3
DA:43,3
DA:44,3
DA:45,1
DA:46,1
DA:47,1
LF:47
LH:47
BRDA:47,0,0,1
BRDA:47,1,0,1
BRDA:47,2,0,0
BRDA:47,3,0,0
BRDA:47,4,0,0
BRDA:47,5,0,0
BRDA:47,6,0,1
BRDA:47,7,0,1
BRDA:47,8,0,1
BRDA:47,9,0,3
BRDA:47,10,0,5
BRDA:47,11,0,0
BRDA:47,12,0,3
BRDA:47,13,0,5
BRDA:47,14,0,4
BRDA:47,15,0,1
BRDA:47,16,0,7
BRDA:47,17,0,2
BRDA:47,18,0,5
BRDA:47,19,0,3
BRDA:47,20,0,5
BRDA:47,21,0,0
BRDA:47,22,0,9
BRDA:47,23,0,8
BRDA:47,24,0,8
BRDA:47,25,0,0
BRDA:47,26,0,16
BRDA:47,27,0,0
BRDA:47,28,0,0
BRDA:47,29,0,0
BRDA:47,30,0,0
BRDA:47,31,0,8
BRDA:47,32,0,8
BRDA:47,33,0,5
BRDA:47,34,0,0
BRDA:47,35,0,0
BRDA:47,36,0,3
BRDA:47,37,0,0
BRDA:47,38,0,2
BRDA:47,39,0,0
BRDA:47,40,0,0
BRDA:47,41,0,0
BRDA:47,42,0,0
BRDA:47,43,0,8
BRDA:47,44,0,7
BRDA:47,45,0,1
BRDA:47,46,0,8
BRDA:47,47,0,3
BRDA:47,48,0,1
BRDA:47,49,0,2
BRDA:47,50,0,0
BRDA:47,51,0,1
BRDA:47,52,0,0
BRDA:14,53,0,1
BRDA:15,54,0,2
BRDA:20,55,0,3
BRDA:47,56,0,3
BRDA:47,57,0,8
BRDA:47,58,0,3
BRDA:47,59,0,3
BRDA:33,60,0,1
BRDA:35,61,0,2
BRDA:47,62,0,2
BRF:63
BRH:43
end_of_record
TN:
SF:src\modules\users\services\AuthenticateUserService.ts
FN:59,__decorate
FN:59,__metadata
FN:59,__param
FN:59,__awaiter
FN:59,adopt
FN:59,fulfilled
FN:59,rejected
FN:59,step
FN:59,__generator
FN:59,sent
FN:59,g.<computed>
FN:59,verb
FN:59,step
FN:59,__importDefault
FN:22,AuthenticateUserService
FN:29,AuthenticateUserService.execute
FNF:16
FNH:14
FNDA:1,__decorate
FNDA:1,__metadata
FNDA:2,__param
FNDA:4,__awaiter
FNDA:6,adopt
FNDA:6,fulfilled
FNDA:0,rejected
FNDA:7,step
FNDA:4,__generator
FNDA:6,sent
FNDA:0,g.<computed>
FNDA:12,verb
FNDA:10,step
FNDA:2,__importDefault
FNDA:4,AuthenticateUserService
FNDA:4,AuthenticateUserService.execute
DA:1,1
DA:2,1
DA:3,1
DA:4,1
DA:5,1
DA:6,1
DA:7,1
DA:8,1
DA:9,1
DA:10,1
DA:11,1
DA:12,1
DA:13,1
DA:14,1
DA:15,1
DA:16,1
DA:17,1
DA:18,1
DA:19,1
DA:20,1
DA:21,1
DA:22,1
DA:23,4
DA:24,4
DA:25,4
DA:26,4
DA:27,4
DA:28,1
DA:29,1
DA:30,4
DA:31,4
DA:32,4
DA:33,2
DA:34,2
DA:35,2
DA:36,2
DA:37,2
DA:38,2
DA:39,2
DA:40,4
DA:41,4
DA:42,1
DA:43,1
DA:44,1
DA:45,1
DA:46,1
DA:47,1
DA:48,1
DA:49,1
DA:50,1
DA:51,1
DA:52,1
DA:53,1
DA:54,1
DA:55,1
DA:56,4
DA:57,1
DA:58,1
DA:59,1
LF:59
LH:59
BRDA:59,0,0,1
BRDA:59,1,0,1
BRDA:59,2,0,0
BRDA:59,3,0,0
BRDA:59,4,0,0
BRDA:59,5,0,0
BRDA:59,6,0,1
BRDA:59,7,0,2
BRDA:59,8,0,2
BRDA:59,9,0,4
BRDA:59,10,0,6
BRDA:59,11,0,0
BRDA:59,12,0,4
BRDA:59,13,0,6
BRDA:59,14,0,3
BRDA:59,15,0,7
BRDA:59,16,0,1
BRDA:59,17,0,6
BRDA:59,18,0,4
BRDA:59,19,0,6
BRDA:59,20,0,0
BRDA:59,21,0,12
BRDA:59,22,0,10
BRDA:59,23,0,10
BRDA:59,24,0,0
BRDA:59,25,0,20
BRDA:59,26,0,0
BRDA:59,27,0,0
BRDA:59,28,0,0
BRDA:59,29,0,0
BRDA:59,30,0,10
BRDA:59,31,0,10
BRDA:59,32,0,6
BRDA:59,33,0,0
BRDA:59,34,0,0
BRDA:59,35,0,4
BRDA:59,36,0,0
BRDA:59,37,0,1
BRDA:59,38,0,0
BRDA:59,39,0,0
BRDA:59,40,0,0
BRDA:59,41,0,0
BRDA:59,42,0,10
BRDA:59,43,0,7
BRDA:59,44,0,3
BRDA:59,45,0,10
BRDA:59,46,0,4
BRDA:59,47,0,3
BRDA:59,48,0,1
BRDA:59,49,0,0
BRDA:59,50,0,2
BRDA:59,51,0,0
BRDA:21,52,0,1
BRDA:22,53,0,4
BRDA:29,54,0,4
BRDA:59,55,0,4
BRDA:59,56,0,10
BRDA:30,57,0,4
BRDA:59,58,0,4
BRDA:32,59,0,2
BRDA:59,60,0,2
BRDA:41,61,0,1
BRF:62
BRH:42
end_of_record
TN:
SF:src\modules\users\services\CreateUserService.ts
FN:41,__decorate
FN:41,__metadata
FN:41,__param
FN:41,__awaiter
FN:41,adopt
FN:41,fulfilled
FN:41,rejected
FN:41,step
FN:41,__generator
FN:41,sent
FN:41,g.<computed>
FN:41,verb
FN:41,step
FN:41,__importDefault
FN:15,CreateUserService
FN:22,CreateUserService.execute
FNF:16
FNH:14
FNDA:2,__decorate
FNDA:2,__metadata
FNDA:4,__param
FNDA:5,__awaiter
FNDA:13,adopt
FNDA:13,fulfilled
FNDA:0,rejected
FNDA:17,step
FNDA:5,__generator
FNDA:13,sent
FNDA:0,g.<computed>
FNDA:15,verb
FNDA:18,step
FNDA:2,__importDefault
FNDA:4,CreateUserService
FNDA:5,CreateUserService.execute
DA:1,1
DA:2,1
DA:3,1
DA:4,1
DA:5,1
DA:6,1
DA:7,1
DA:8,1
DA:9,1
DA:10,1
DA:11,1
DA:12,1
DA:13,1
DA:14,2
DA:15,2
DA:16,4
DA:17,4
DA:18,4
DA:19,4
DA:20,4
DA:21,2
DA:22,2
DA:23,5
DA:24,5
DA:25,5
DA:26,1
DA:27,1
DA:28,4
DA:29,4
DA:30,5
DA:31,5
DA:32,5
DA:33,5
DA:34,5
DA:35,5
DA:36,5
DA:37,5
DA:38,5
DA:39,2
DA:40,1
DA:41,1
LF:41
LH:41
BRDA:41,0,0,2
BRDA:41,1,0,2
BRDA:41,2,0,0
BRDA:41,3,0,0
BRDA:41,4,0,0
BRDA:41,5,0,0
BRDA:41,6,0,2
BRDA:41,7,0,4
BRDA:41,8,0,4
BRDA:41,9,0,5
BRDA:41,10,0,13
BRDA:41,11,0,0
BRDA:41,12,0,5
BRDA:41,13,0,13
BRDA:41,14,0,12
BRDA:41,15,0,1
BRDA:41,16,0,17
BRDA:41,17,0,4
BRDA:41,18,0,13
BRDA:41,19,0,5
BRDA:41,20,0,13
BRDA:41,21,0,0
BRDA:41,22,0,15
BRDA:41,23,0,18
BRDA:41,24,0,18
BRDA:41,25,0,0
BRDA:41,26,0,36
BRDA:41,27,0,0
BRDA:41,28,0,0
BRDA:41,29,0,0
BRDA:41,30,0,0
BRDA:41,31,0,18
BRDA:41,32,0,18
BRDA:41,33,0,13
BRDA:41,34,0,0
BRDA:41,35,0,0
BRDA:41,36,0,5
BRDA:41,37,0,0
BRDA:41,38,0,4
BRDA:41,39,0,0
BRDA:41,40,0,0
BRDA:41,41,0,0
BRDA:41,42,0,0
BRDA:41,43,0,28
BRDA:41,44,0,18
BRDA:41,45,0,17
BRDA:41,46,0,1
BRDA:41,47,0,18
BRDA:41,48,0,5
BRDA:41,49,0,1
BRDA:41,50,0,4
BRDA:41,51,0,0
BRDA:41,52,0,2
BRDA:41,53,0,0
BRDA:14,54,0,2
BRDA:15,55,0,4
BRDA:22,56,0,5
BRDA:41,57,0,5
BRDA:41,58,0,18
BRDA:23,59,0,5
BRDA:41,60,0,5
BRDA:25,61,0,1
BRDA:27,62,0,4
BRDA:41,63,0,4
BRDA:41,64,0,4
BRF:65
BRH:45
end_of_record
TN:
SF:src\modules\users\services\UpdateUserAvatarService.ts
FN:42,__decorate
FN:42,__metadata
FN:42,__param
FN:42,__awaiter
FN:42,adopt
FN:42,fulfilled
FN:42,rejected
FN:42,step
FN:42,__generator
FN:42,sent
FN:42,g.<computed>
FN:42,verb
FN:42,step
FN:42,__importDefault
FN:15,UpdateUserAvatarService
FN:22,UpdateUserAvatarService.execute
FNF:16
FNH:14
FNDA:1,__decorate
FNDA:1,__metadata
FNDA:2,__param
FNDA:4,__awaiter
FNDA:10,adopt
FNDA:10,fulfilled
FNDA:0,rejected
FNDA:13,step
FNDA:4,__generator
FNDA:10,sent
FNDA:0,g.<computed>
FNDA:12,verb
FNDA:14,step
FNDA:1,__importDefault
FNDA:3,UpdateUserAvatarService
FNDA:4,UpdateUserAvatarService.execute
DA:1,1
DA:2,1
DA:3,1
DA:4,1
DA:5,1
DA:6,1
DA:7,1
DA:8,1
DA:9,1
DA:10,1
DA:11,1
DA:12,1
DA:13,1
DA:14,1
DA:15,1
DA:16,3
DA:17,3
DA:18,3
DA:19,3
DA:20,3
DA:21,1
DA:22,1
DA:23,4
DA:24,4
DA:25,4
DA:26,1
DA:27,1
DA:28,3
DA:29,4
DA:30,1
DA:31,1
DA:32,3
DA:33,3
DA:34,4
DA:35,4
DA:36,4
DA:37,4
DA:38,4
DA:39,4
DA:40,1
DA:41,1
DA:42,1
LF:42
LH:42
BRDA:42,0,0,1
BRDA:42,1,0,1
BRDA:42,2,0,0
BRDA:42,3,0,0
BRDA:42,4,0,0
BRDA:42,5,0,0
BRDA:42,6,0,1
BRDA:42,7,0,2
BRDA:42,8,0,2
BRDA:42,9,0,4
BRDA:42,10,0,10
BRDA:42,11,0,0
BRDA:42,12,0,4
BRDA:42,13,0,10
BRDA:42,14,0,9
BRDA:42,15,0,1
BRDA:42,16,0,13
BRDA:42,17,0,3
BRDA:42,18,0,10
BRDA:42,19,0,4
BRDA:42,20,0,10
BRDA:42,21,0,0
BRDA:42,22,0,12
BRDA:42,23,0,14
BRDA:42,24,0,14
BRDA:42,25,0,0
BRDA:42,26,0,28
BRDA:42,27,0,0
BRDA:42,28,0,0
BRDA:42,29,0,0
BRDA:42,30,0,0
BRDA:42,31,0,14
BRDA:42,32,0,14
BRDA:42,33,0,10
BRDA:42,34,0,0
BRDA:42,35,0,0
BRDA:42,36,0,4
BRDA:42,37,0,0
BRDA:42,38,0,3
BRDA:42,39,0,0
BRDA:42,40,0,0
BRDA:42,41,0,0
BRDA:42,42,0,0
BRDA:42,43,0,14
BRDA:42,44,0,13
BRDA:42,45,0,1
BRDA:42,46,0,14
BRDA:42,47,0,4
BRDA:42,48,0,1
BRDA:42,49,0,3
BRDA:42,50,0,0
BRDA:42,51,0,1
BRDA:42,52,0,0
BRDA:14,53,0,1
BRDA:15,54,0,3
BRDA:22,55,0,4
BRDA:42,56,0,4
BRDA:42,57,0,14
BRDA:23,58,0,4
BRDA:42,59,0,4
BRDA:25,60,0,1
BRDA:27,61,0,3
BRDA:29,62,0,1
BRDA:31,63,0,3
BRDA:42,64,0,3
BRDA:42,65,0,3
BRF:66
BRH:46
end_of_record
